<?xml version="1.0" encoding="UTF-8"?>
<!-- Generated by org.testng.reporters.JUnitXMLReporter -->
<testsuite ignored="0" hostname="Unkown" failures="0" tests="5" name="Default test" time="202.019" errors="0" timestamp="2022-12-18T10:42:20 IST">
  <testcase classname="amgTCs.AmazonTCs" name="printSearchResult" time="9.16"/>
  <testcase classname="amgTCs.AmazonTCs" name="goToAmazon" time="39.907"/>
  <testcase classname="amgTCs.AmazonTCs" name="priceRange" time="12.972"/>
  <testcase classname="amgTCs.AmazonTCs" name="printfiveStarRating" time="2.013"/>
  <testcase classname="amgTCs.AmazonTCs" name="clickOnFirtsFive" time="56.154"/>
</testsuite> <!-- Default test -->
