<?xml version="1.0" encoding="UTF-8"?>
<!-- Generated by org.testng.reporters.JUnitXMLReporter -->
<testsuite ignored="0" hostname="Unkown" failures="0" tests="5" name="Default test" time="139.3" errors="0" timestamp="2022-12-18T12:13:36 IST">
  <testcase classname="amgTCs.AmazonTCs" name="printSearchResult" time="8.59"/>
  <testcase classname="amgTCs.AmazonTCs" name="goToAmazon" time="25.515"/>
  <testcase classname="amgTCs.AmazonTCs" name="priceRange" time="12.42"/>
  <testcase classname="amgTCs.AmazonTCs" name="printfiveStarRating" time="23.427"/>
  <testcase classname="amgTCs.AmazonTCs" name="clickOnFirtsFive" time="40.874"/>
</testsuite> <!-- Default test -->
