<?xml version="1.0" encoding="UTF-8"?>
<testng-results ignored="0" total="5" passed="5" failed="0" skipped="0">
  <reporter-output>
  </reporter-output>
  <suite started-at="2022-12-18T12:11:17 IST" name="Default suite" finished-at="2022-12-18T12:13:36 IST" duration-ms="139300">
    <groups>
    </groups>
    <test started-at="2022-12-18T12:11:17 IST" name="Default test" finished-at="2022-12-18T12:13:36 IST" duration-ms="139300">
      <class name="amgTCs.AmazonTCs">
        <test-method is-config="true" signature="suiteSetUp()[pri:0, instance:amgTCs.AmazonTCs@6497b078]" started-at="2022-12-18T12:11:17 IST" name="suiteSetUp" finished-at="2022-12-18T12:11:19 IST" duration-ms="2242" status="PASS">
          <reporter-output>
          </reporter-output>
        </test-method> <!-- suiteSetUp -->
        <test-method is-config="true" signature="openBrowser()[pri:0, instance:amgTCs.AmazonTCs@6497b078]" started-at="2022-12-18T12:11:19 IST" name="openBrowser" finished-at="2022-12-18T12:11:41 IST" duration-ms="21369" status="PASS">
          <reporter-output>
          </reporter-output>
        </test-method> <!-- openBrowser -->
        <test-method signature="printSearchResult()[pri:1, instance:amgTCs.AmazonTCs@6497b078]" started-at="2022-12-18T12:11:41 IST" name="printSearchResult" finished-at="2022-12-18T12:11:49 IST" duration-ms="8590" status="PASS">
          <reporter-output>
          </reporter-output>
        </test-method> <!-- printSearchResult -->
        <test-method signature="goToAmazon()[pri:2, instance:amgTCs.AmazonTCs@6497b078]" started-at="2022-12-18T12:11:49 IST" name="goToAmazon" finished-at="2022-12-18T12:12:15 IST" duration-ms="25515" status="PASS">
          <reporter-output>
          </reporter-output>
        </test-method> <!-- goToAmazon -->
        <test-method signature="priceRange()[pri:3, instance:amgTCs.AmazonTCs@6497b078]" started-at="2022-12-18T12:12:15 IST" name="priceRange" finished-at="2022-12-18T12:12:27 IST" duration-ms="12420" status="PASS">
          <reporter-output>
          </reporter-output>
        </test-method> <!-- priceRange -->
        <test-method signature="printfiveStarRating()[pri:4, instance:amgTCs.AmazonTCs@6497b078]" started-at="2022-12-18T12:12:27 IST" name="printfiveStarRating" finished-at="2022-12-18T12:12:51 IST" duration-ms="23427" status="PASS">
          <reporter-output>
          </reporter-output>
        </test-method> <!-- printfiveStarRating -->
        <test-method signature="clickOnFirtsFive()[pri:5, instance:amgTCs.AmazonTCs@6497b078]" started-at="2022-12-18T12:12:51 IST" name="clickOnFirtsFive" finished-at="2022-12-18T12:13:31 IST" duration-ms="40874" status="PASS">
          <reporter-output>
          </reporter-output>
        </test-method> <!-- clickOnFirtsFive -->
        <test-method is-config="true" signature="suiteTearDown()[pri:0, instance:amgTCs.AmazonTCs@6497b078]" started-at="2022-12-18T12:13:31 IST" name="suiteTearDown" finished-at="2022-12-18T12:13:36 IST" duration-ms="4660" status="PASS">
          <reporter-output>
          </reporter-output>
        </test-method> <!-- suiteTearDown -->
      </class> <!-- amgTCs.AmazonTCs -->
    </test> <!-- Default test -->
  </suite> <!-- Default suite -->
</testng-results>
