<?xml version="1.0" encoding="UTF-8"?>
<testng-results ignored="0" total="5" passed="5" failed="0" skipped="0">
  <reporter-output>
  </reporter-output>
  <suite started-at="2022-12-18T10:38:58 IST" name="Default suite" finished-at="2022-12-18T10:42:20 IST" duration-ms="202019">
    <groups>
    </groups>
    <test started-at="2022-12-18T10:38:58 IST" name="Default test" finished-at="2022-12-18T10:42:20 IST" duration-ms="202019">
      <class name="amgTCs.AmazonTCs">
        <test-method is-config="true" signature="suiteSetUp()[pri:0, instance:amgTCs.AmazonTCs@6497b078]" started-at="2022-12-18T10:38:58 IST" name="suiteSetUp" finished-at="2022-12-18T10:38:59 IST" duration-ms="515" status="PASS">
          <reporter-output>
          </reporter-output>
        </test-method> <!-- suiteSetUp -->
        <test-method is-config="true" signature="openBrowser()[pri:0, instance:amgTCs.AmazonTCs@6497b078]" started-at="2022-12-18T10:38:59 IST" name="openBrowser" finished-at="2022-12-18T10:40:16 IST" duration-ms="77844" status="PASS">
          <reporter-output>
          </reporter-output>
        </test-method> <!-- openBrowser -->
        <test-method signature="printSearchResult()[pri:1, instance:amgTCs.AmazonTCs@6497b078]" started-at="2022-12-18T10:40:16 IST" name="printSearchResult" finished-at="2022-12-18T10:40:26 IST" duration-ms="9160" status="PASS">
          <reporter-output>
          </reporter-output>
        </test-method> <!-- printSearchResult -->
        <test-method signature="goToAmazon()[pri:2, instance:amgTCs.AmazonTCs@6497b078]" started-at="2022-12-18T10:40:26 IST" name="goToAmazon" finished-at="2022-12-18T10:41:05 IST" duration-ms="39907" status="PASS">
          <reporter-output>
          </reporter-output>
        </test-method> <!-- goToAmazon -->
        <test-method signature="priceRange()[pri:3, instance:amgTCs.AmazonTCs@6497b078]" started-at="2022-12-18T10:41:05 IST" name="priceRange" finished-at="2022-12-18T10:41:18 IST" duration-ms="12972" status="PASS">
          <reporter-output>
          </reporter-output>
        </test-method> <!-- priceRange -->
        <test-method signature="printfiveStarRating()[pri:4, instance:amgTCs.AmazonTCs@6497b078]" started-at="2022-12-18T10:41:18 IST" name="printfiveStarRating" finished-at="2022-12-18T10:41:20 IST" duration-ms="2013" status="PASS">
          <reporter-output>
          </reporter-output>
        </test-method> <!-- printfiveStarRating -->
        <test-method signature="clickOnFirtsFive()[pri:5, instance:amgTCs.AmazonTCs@6497b078]" started-at="2022-12-18T10:41:20 IST" name="clickOnFirtsFive" finished-at="2022-12-18T10:42:17 IST" duration-ms="56154" status="PASS">
          <reporter-output>
          </reporter-output>
        </test-method> <!-- clickOnFirtsFive -->
        <test-method is-config="true" signature="suiteTearDown()[pri:0, instance:amgTCs.AmazonTCs@6497b078]" started-at="2022-12-18T10:42:17 IST" name="suiteTearDown" finished-at="2022-12-18T10:42:20 IST" duration-ms="3348" status="PASS">
          <reporter-output>
          </reporter-output>
        </test-method> <!-- suiteTearDown -->
      </class> <!-- amgTCs.AmazonTCs -->
    </test> <!-- Default test -->
  </suite> <!-- Default suite -->
</testng-results>
